

Started GET "/assets/rails.png" for 127.0.0.1 at Tue Jun 26 22:12:06 -0700 2012

ActionController::RoutingError (No route matches [GET] "/assets/rails.png"):
  actionpack (3.2.2) lib/action_dispatch/middleware/debug_exceptions.rb:21:in `call'
  actionpack (3.2.2) lib/action_dispatch/middleware/show_exceptions.rb:56:in `call'
  railties (3.2.2) lib/rails/rack/logger.rb:26:in `call_app'
  railties (3.2.2) lib/rails/rack/logger.rb:16:in `call'
  actionpack (3.2.2) lib/action_dispatch/middleware/request_id.rb:22:in `call'
  rack (1.4.1) lib/rack/methodoverride.rb:21:in `call'
  rack (1.4.1) lib/rack/runtime.rb:17:in `call'
  activesupport (3.2.2) lib/active_support/cache/strategy/local_cache.rb:72:in `call'
  rack (1.4.1) lib/rack/lock.rb:15:in `call'
  rack-cache (1.2) lib/rack/cache/context.rb:136:in `forward'
  rack-cache (1.2) lib/rack/cache/context.rb:245:in `fetch'
  rack-cache (1.2) lib/rack/cache/context.rb:185:in `lookup'
  rack-cache (1.2) lib/rack/cache/context.rb:66:in `call!'
  rack-cache (1.2) lib/rack/cache/context.rb:51:in `call'
  railties (3.2.2) lib/rails/engine.rb:479:in `call'
  railties (3.2.2) lib/rails/application.rb:220:in `call'
  railties (3.2.2) lib/rails/railtie/configurable.rb:30:in `send'
  railties (3.2.2) lib/rails/railtie/configurable.rb:30:in `method_missing'
  passenger (3.0.12) lib/phusion_passenger/rack/request_handler.rb:96:in `process_request'
  passenger (3.0.12) lib/phusion_passenger/abstract_request_handler.rb:513:in `accept_and_process_next_request'
  passenger (3.0.12) lib/phusion_passenger/abstract_request_handler.rb:274:in `main_loop'
  passenger (3.0.12) lib/phusion_passenger/rack/application_spawner.rb:206:in `start_request_handler'
  passenger (3.0.12) lib/phusion_passenger/rack/application_spawner.rb:171:in `send'
  passenger (3.0.12) lib/phusion_passenger/rack/application_spawner.rb:171:in `handle_spawn_application'
  passenger (3.0.12) lib/phusion_passenger/utils.rb:479:in `safe_fork'
  passenger (3.0.12) lib/phusion_passenger/rack/application_spawner.rb:166:in `handle_spawn_application'
  passenger (3.0.12) lib/phusion_passenger/abstract_server.rb:357:in `__send__'
  passenger (3.0.12) lib/phusion_passenger/abstract_server.rb:357:in `server_main_loop'
  passenger (3.0.12) lib/phusion_passenger/abstract_server.rb:206:in `start_synchronously'
  passenger (3.0.12) lib/phusion_passenger/abstract_server.rb:180:in `start'
  passenger (3.0.12) lib/phusion_passenger/rack/application_spawner.rb:129:in `start'
  passenger (3.0.12) lib/phusion_passenger/spawn_manager.rb:253:in `spawn_rack_application'
  passenger (3.0.12) lib/phusion_passenger/abstract_server_collection.rb:132:in `lookup_or_add'
  passenger (3.0.12) lib/phusion_passenger/spawn_manager.rb:246:in `spawn_rack_application'
  passenger (3.0.12) lib/phusion_passenger/abstract_server_collection.rb:82:in `synchronize'
  passenger (3.0.12) lib/phusion_passenger/abstract_server_collection.rb:79:in `synchronize'
  passenger (3.0.12) lib/phusion_passenger/spawn_manager.rb:244:in `spawn_rack_application'
  passenger (3.0.12) lib/phusion_passenger/spawn_manager.rb:137:in `spawn_application'
  passenger (3.0.12) lib/phusion_passenger/spawn_manager.rb:275:in `handle_spawn_application'
  passenger (3.0.12) lib/phusion_passenger/abstract_server.rb:357:in `__send__'
  passenger (3.0.12) lib/phusion_passenger/abstract_server.rb:357:in `server_main_loop'
  passenger (3.0.12) lib/phusion_passenger/abstract_server.rb:206:in `start_synchronously'
  passenger (3.0.12) helper-scripts/passenger-spawn-server:99




Started GET "/rails/info/properties" for 127.0.0.1 at Tue Jun 26 22:21:51 -0700 2012

ActionController::RoutingError (No route matches [GET] "/rails/info/properties"):
  actionpack (3.2.2) lib/action_dispatch/middleware/debug_exceptions.rb:21:in `call'
  actionpack (3.2.2) lib/action_dispatch/middleware/show_exceptions.rb:56:in `call'
  railties (3.2.2) lib/rails/rack/logger.rb:26:in `call_app'
  railties (3.2.2) lib/rails/rack/logger.rb:16:in `call'
  actionpack (3.2.2) lib/action_dispatch/middleware/request_id.rb:22:in `call'
  rack (1.4.1) lib/rack/methodoverride.rb:21:in `call'
  rack (1.4.1) lib/rack/runtime.rb:17:in `call'
  activesupport (3.2.2) lib/active_support/cache/strategy/local_cache.rb:72:in `call'
  rack (1.4.1) lib/rack/lock.rb:15:in `call'
  rack-cache (1.2) lib/rack/cache/context.rb:136:in `forward'
  rack-cache (1.2) lib/rack/cache/context.rb:245:in `fetch'
  rack-cache (1.2) lib/rack/cache/context.rb:185:in `lookup'
  rack-cache (1.2) lib/rack/cache/context.rb:66:in `call!'
  rack-cache (1.2) lib/rack/cache/context.rb:51:in `call'
  railties (3.2.2) lib/rails/engine.rb:479:in `call'
  railties (3.2.2) lib/rails/application.rb:220:in `call'
  railties (3.2.2) lib/rails/railtie/configurable.rb:30:in `send'
  railties (3.2.2) lib/rails/railtie/configurable.rb:30:in `method_missing'
  passenger (3.0.12) lib/phusion_passenger/rack/request_handler.rb:96:in `process_request'
  passenger (3.0.12) lib/phusion_passenger/abstract_request_handler.rb:513:in `accept_and_process_next_request'
  passenger (3.0.12) lib/phusion_passenger/abstract_request_handler.rb:274:in `main_loop'
  passenger (3.0.12) lib/phusion_passenger/rack/application_spawner.rb:206:in `start_request_handler'
  passenger (3.0.12) lib/phusion_passenger/rack/application_spawner.rb:171:in `send'
  passenger (3.0.12) lib/phusion_passenger/rack/application_spawner.rb:171:in `handle_spawn_application'
  passenger (3.0.12) lib/phusion_passenger/utils.rb:479:in `safe_fork'
  passenger (3.0.12) lib/phusion_passenger/rack/application_spawner.rb:166:in `handle_spawn_application'
  passenger (3.0.12) lib/phusion_passenger/abstract_server.rb:357:in `__send__'
  passenger (3.0.12) lib/phusion_passenger/abstract_server.rb:357:in `server_main_loop'
  passenger (3.0.12) lib/phusion_passenger/abstract_server.rb:206:in `start_synchronously'
  passenger (3.0.12) lib/phusion_passenger/abstract_server.rb:180:in `start'
  passenger (3.0.12) lib/phusion_passenger/rack/application_spawner.rb:129:in `start'
  passenger (3.0.12) lib/phusion_passenger/spawn_manager.rb:253:in `spawn_rack_application'
  passenger (3.0.12) lib/phusion_passenger/abstract_server_collection.rb:132:in `lookup_or_add'
  passenger (3.0.12) lib/phusion_passenger/spawn_manager.rb:246:in `spawn_rack_application'
  passenger (3.0.12) lib/phusion_passenger/abstract_server_collection.rb:82:in `synchronize'
  passenger (3.0.12) lib/phusion_passenger/abstract_server_collection.rb:79:in `synchronize'
  passenger (3.0.12) lib/phusion_passenger/spawn_manager.rb:244:in `spawn_rack_application'
  passenger (3.0.12) lib/phusion_passenger/spawn_manager.rb:137:in `spawn_application'
  passenger (3.0.12) lib/phusion_passenger/spawn_manager.rb:275:in `handle_spawn_application'
  passenger (3.0.12) lib/phusion_passenger/abstract_server.rb:357:in `__send__'
  passenger (3.0.12) lib/phusion_passenger/abstract_server.rb:357:in `server_main_loop'
  passenger (3.0.12) lib/phusion_passenger/abstract_server.rb:206:in `start_synchronously'
  passenger (3.0.12) helper-scripts/passenger-spawn-server:99




Started GET "/rails/info/properties" for 127.0.0.1 at Tue Jun 26 22:22:07 -0700 2012

ActionController::RoutingError (No route matches [GET] "/rails/info/properties"):
  actionpack (3.2.2) lib/action_dispatch/middleware/debug_exceptions.rb:21:in `call'
  actionpack (3.2.2) lib/action_dispatch/middleware/show_exceptions.rb:56:in `call'
  railties (3.2.2) lib/rails/rack/logger.rb:26:in `call_app'
  railties (3.2.2) lib/rails/rack/logger.rb:16:in `call'
  actionpack (3.2.2) lib/action_dispatch/middleware/request_id.rb:22:in `call'
  rack (1.4.1) lib/rack/methodoverride.rb:21:in `call'
  rack (1.4.1) lib/rack/runtime.rb:17:in `call'
  activesupport (3.2.2) lib/active_support/cache/strategy/local_cache.rb:72:in `call'
  rack (1.4.1) lib/rack/lock.rb:15:in `call'
  rack-cache (1.2) lib/rack/cache/context.rb:136:in `forward'
  rack-cache (1.2) lib/rack/cache/context.rb:245:in `fetch'
  rack-cache (1.2) lib/rack/cache/context.rb:185:in `lookup'
  rack-cache (1.2) lib/rack/cache/context.rb:66:in `call!'
  rack-cache (1.2) lib/rack/cache/context.rb:51:in `call'
  railties (3.2.2) lib/rails/engine.rb:479:in `call'
  railties (3.2.2) lib/rails/application.rb:220:in `call'
  railties (3.2.2) lib/rails/railtie/configurable.rb:30:in `send'
  railties (3.2.2) lib/rails/railtie/configurable.rb:30:in `method_missing'
  passenger (3.0.12) lib/phusion_passenger/rack/request_handler.rb:96:in `process_request'
  passenger (3.0.12) lib/phusion_passenger/abstract_request_handler.rb:513:in `accept_and_process_next_request'
  passenger (3.0.12) lib/phusion_passenger/abstract_request_handler.rb:274:in `main_loop'
  passenger (3.0.12) lib/phusion_passenger/rack/application_spawner.rb:206:in `start_request_handler'
  passenger (3.0.12) lib/phusion_passenger/rack/application_spawner.rb:171:in `send'
  passenger (3.0.12) lib/phusion_passenger/rack/application_spawner.rb:171:in `handle_spawn_application'
  passenger (3.0.12) lib/phusion_passenger/utils.rb:479:in `safe_fork'
  passenger (3.0.12) lib/phusion_passenger/rack/application_spawner.rb:166:in `handle_spawn_application'
  passenger (3.0.12) lib/phusion_passenger/abstract_server.rb:357:in `__send__'
  passenger (3.0.12) lib/phusion_passenger/abstract_server.rb:357:in `server_main_loop'
  passenger (3.0.12) lib/phusion_passenger/abstract_server.rb:206:in `start_synchronously'
  passenger (3.0.12) lib/phusion_passenger/abstract_server.rb:180:in `start'
  passenger (3.0.12) lib/phusion_passenger/rack/application_spawner.rb:129:in `start'
  passenger (3.0.12) lib/phusion_passenger/spawn_manager.rb:253:in `spawn_rack_application'
  passenger (3.0.12) lib/phusion_passenger/abstract_server_collection.rb:132:in `lookup_or_add'
  passenger (3.0.12) lib/phusion_passenger/spawn_manager.rb:246:in `spawn_rack_application'
  passenger (3.0.12) lib/phusion_passenger/abstract_server_collection.rb:82:in `synchronize'
  passenger (3.0.12) lib/phusion_passenger/abstract_server_collection.rb:79:in `synchronize'
  passenger (3.0.12) lib/phusion_passenger/spawn_manager.rb:244:in `spawn_rack_application'
  passenger (3.0.12) lib/phusion_passenger/spawn_manager.rb:137:in `spawn_application'
  passenger (3.0.12) lib/phusion_passenger/spawn_manager.rb:275:in `handle_spawn_application'
  passenger (3.0.12) lib/phusion_passenger/abstract_server.rb:357:in `__send__'
  passenger (3.0.12) lib/phusion_passenger/abstract_server.rb:357:in `server_main_loop'
  passenger (3.0.12) lib/phusion_passenger/abstract_server.rb:206:in `start_synchronously'
  passenger (3.0.12) helper-scripts/passenger-spawn-server:99




Started GET "/rails/info/properties" for 127.0.0.1 at Tue Jun 26 22:22:08 -0700 2012

ActionController::RoutingError (No route matches [GET] "/rails/info/properties"):
  actionpack (3.2.2) lib/action_dispatch/middleware/debug_exceptions.rb:21:in `call'
  actionpack (3.2.2) lib/action_dispatch/middleware/show_exceptions.rb:56:in `call'
  railties (3.2.2) lib/rails/rack/logger.rb:26:in `call_app'
  railties (3.2.2) lib/rails/rack/logger.rb:16:in `call'
  actionpack (3.2.2) lib/action_dispatch/middleware/request_id.rb:22:in `call'
  rack (1.4.1) lib/rack/methodoverride.rb:21:in `call'
  rack (1.4.1) lib/rack/runtime.rb:17:in `call'
  activesupport (3.2.2) lib/active_support/cache/strategy/local_cache.rb:72:in `call'
  rack (1.4.1) lib/rack/lock.rb:15:in `call'
  rack-cache (1.2) lib/rack/cache/context.rb:136:in `forward'
  rack-cache (1.2) lib/rack/cache/context.rb:245:in `fetch'
  rack-cache (1.2) lib/rack/cache/context.rb:185:in `lookup'
  rack-cache (1.2) lib/rack/cache/context.rb:66:in `call!'
  rack-cache (1.2) lib/rack/cache/context.rb:51:in `call'
  railties (3.2.2) lib/rails/engine.rb:479:in `call'
  railties (3.2.2) lib/rails/application.rb:220:in `call'
  railties (3.2.2) lib/rails/railtie/configurable.rb:30:in `send'
  railties (3.2.2) lib/rails/railtie/configurable.rb:30:in `method_missing'
  passenger (3.0.12) lib/phusion_passenger/rack/request_handler.rb:96:in `process_request'
  passenger (3.0.12) lib/phusion_passenger/abstract_request_handler.rb:513:in `accept_and_process_next_request'
  passenger (3.0.12) lib/phusion_passenger/abstract_request_handler.rb:274:in `main_loop'
  passenger (3.0.12) lib/phusion_passenger/rack/application_spawner.rb:206:in `start_request_handler'
  passenger (3.0.12) lib/phusion_passenger/rack/application_spawner.rb:171:in `send'
  passenger (3.0.12) lib/phusion_passenger/rack/application_spawner.rb:171:in `handle_spawn_application'
  passenger (3.0.12) lib/phusion_passenger/utils.rb:479:in `safe_fork'
  passenger (3.0.12) lib/phusion_passenger/rack/application_spawner.rb:166:in `handle_spawn_application'
  passenger (3.0.12) lib/phusion_passenger/abstract_server.rb:357:in `__send__'
  passenger (3.0.12) lib/phusion_passenger/abstract_server.rb:357:in `server_main_loop'
  passenger (3.0.12) lib/phusion_passenger/abstract_server.rb:206:in `start_synchronously'
  passenger (3.0.12) lib/phusion_passenger/abstract_server.rb:180:in `start'
  passenger (3.0.12) lib/phusion_passenger/rack/application_spawner.rb:129:in `start'
  passenger (3.0.12) lib/phusion_passenger/spawn_manager.rb:253:in `spawn_rack_application'
  passenger (3.0.12) lib/phusion_passenger/abstract_server_collection.rb:132:in `lookup_or_add'
  passenger (3.0.12) lib/phusion_passenger/spawn_manager.rb:246:in `spawn_rack_application'
  passenger (3.0.12) lib/phusion_passenger/abstract_server_collection.rb:82:in `synchronize'
  passenger (3.0.12) lib/phusion_passenger/abstract_server_collection.rb:79:in `synchronize'
  passenger (3.0.12) lib/phusion_passenger/spawn_manager.rb:244:in `spawn_rack_application'
  passenger (3.0.12) lib/phusion_passenger/spawn_manager.rb:137:in `spawn_application'
  passenger (3.0.12) lib/phusion_passenger/spawn_manager.rb:275:in `handle_spawn_application'
  passenger (3.0.12) lib/phusion_passenger/abstract_server.rb:357:in `__send__'
  passenger (3.0.12) lib/phusion_passenger/abstract_server.rb:357:in `server_main_loop'
  passenger (3.0.12) lib/phusion_passenger/abstract_server.rb:206:in `start_synchronously'
  passenger (3.0.12) helper-scripts/passenger-spawn-server:99




Started GET "/assets/rails.png" for 127.0.0.1 at Tue Jun 26 22:39:17 -0700 2012

ActionController::RoutingError (No route matches [GET] "/assets/rails.png"):
  actionpack (3.2.2) lib/action_dispatch/middleware/debug_exceptions.rb:21:in `call'
  actionpack (3.2.2) lib/action_dispatch/middleware/show_exceptions.rb:56:in `call'
  railties (3.2.2) lib/rails/rack/logger.rb:26:in `call_app'
  railties (3.2.2) lib/rails/rack/logger.rb:16:in `call'
  actionpack (3.2.2) lib/action_dispatch/middleware/request_id.rb:22:in `call'
  rack (1.4.1) lib/rack/methodoverride.rb:21:in `call'
  rack (1.4.1) lib/rack/runtime.rb:17:in `call'
  activesupport (3.2.2) lib/active_support/cache/strategy/local_cache.rb:72:in `call'
  rack (1.4.1) lib/rack/lock.rb:15:in `call'
  rack-cache (1.2) lib/rack/cache/context.rb:136:in `forward'
  rack-cache (1.2) lib/rack/cache/context.rb:245:in `fetch'
  rack-cache (1.2) lib/rack/cache/context.rb:185:in `lookup'
  rack-cache (1.2) lib/rack/cache/context.rb:66:in `call!'
  rack-cache (1.2) lib/rack/cache/context.rb:51:in `call'
  railties (3.2.2) lib/rails/engine.rb:479:in `call'
  railties (3.2.2) lib/rails/application.rb:220:in `call'
  railties (3.2.2) lib/rails/railtie/configurable.rb:30:in `send'
  railties (3.2.2) lib/rails/railtie/configurable.rb:30:in `method_missing'
  passenger (3.0.12) lib/phusion_passenger/rack/request_handler.rb:96:in `process_request'
  passenger (3.0.12) lib/phusion_passenger/abstract_request_handler.rb:513:in `accept_and_process_next_request'
  passenger (3.0.12) lib/phusion_passenger/abstract_request_handler.rb:274:in `main_loop'
  passenger (3.0.12) lib/phusion_passenger/rack/application_spawner.rb:206:in `start_request_handler'
  passenger (3.0.12) lib/phusion_passenger/rack/application_spawner.rb:171:in `send'
  passenger (3.0.12) lib/phusion_passenger/rack/application_spawner.rb:171:in `handle_spawn_application'
  passenger (3.0.12) lib/phusion_passenger/utils.rb:479:in `safe_fork'
  passenger (3.0.12) lib/phusion_passenger/rack/application_spawner.rb:166:in `handle_spawn_application'
  passenger (3.0.12) lib/phusion_passenger/abstract_server.rb:357:in `__send__'
  passenger (3.0.12) lib/phusion_passenger/abstract_server.rb:357:in `server_main_loop'
  passenger (3.0.12) lib/phusion_passenger/abstract_server.rb:206:in `start_synchronously'
  passenger (3.0.12) lib/phusion_passenger/abstract_server.rb:180:in `start'
  passenger (3.0.12) lib/phusion_passenger/rack/application_spawner.rb:129:in `start'
  passenger (3.0.12) lib/phusion_passenger/spawn_manager.rb:253:in `spawn_rack_application'
  passenger (3.0.12) lib/phusion_passenger/abstract_server_collection.rb:132:in `lookup_or_add'
  passenger (3.0.12) lib/phusion_passenger/spawn_manager.rb:246:in `spawn_rack_application'
  passenger (3.0.12) lib/phusion_passenger/abstract_server_collection.rb:82:in `synchronize'
  passenger (3.0.12) lib/phusion_passenger/abstract_server_collection.rb:79:in `synchronize'
  passenger (3.0.12) lib/phusion_passenger/spawn_manager.rb:244:in `spawn_rack_application'
  passenger (3.0.12) lib/phusion_passenger/spawn_manager.rb:137:in `spawn_application'
  passenger (3.0.12) lib/phusion_passenger/spawn_manager.rb:275:in `handle_spawn_application'
  passenger (3.0.12) lib/phusion_passenger/abstract_server.rb:357:in `__send__'
  passenger (3.0.12) lib/phusion_passenger/abstract_server.rb:357:in `server_main_loop'
  passenger (3.0.12) lib/phusion_passenger/abstract_server.rb:206:in `start_synchronously'
  passenger (3.0.12) helper-scripts/passenger-spawn-server:99




Started GET "/assets/rails.png" for 127.0.0.1 at Tue Jul 03 11:22:09 -0700 2012

ActionController::RoutingError (No route matches [GET] "/assets/rails.png"):
  actionpack (3.2.2) lib/action_dispatch/middleware/debug_exceptions.rb:21:in `call'
  actionpack (3.2.2) lib/action_dispatch/middleware/show_exceptions.rb:56:in `call'
  railties (3.2.2) lib/rails/rack/logger.rb:26:in `call_app'
  railties (3.2.2) lib/rails/rack/logger.rb:16:in `call'
  actionpack (3.2.2) lib/action_dispatch/middleware/request_id.rb:22:in `call'
  rack (1.4.1) lib/rack/methodoverride.rb:21:in `call'
  rack (1.4.1) lib/rack/runtime.rb:17:in `call'
  activesupport (3.2.2) lib/active_support/cache/strategy/local_cache.rb:72:in `call'
  rack (1.4.1) lib/rack/lock.rb:15:in `call'
  rack-cache (1.2) lib/rack/cache/context.rb:136:in `forward'
  rack-cache (1.2) lib/rack/cache/context.rb:245:in `fetch'
  rack-cache (1.2) lib/rack/cache/context.rb:185:in `lookup'
  rack-cache (1.2) lib/rack/cache/context.rb:66:in `call!'
  rack-cache (1.2) lib/rack/cache/context.rb:51:in `call'
  railties (3.2.2) lib/rails/engine.rb:479:in `call'
  railties (3.2.2) lib/rails/application.rb:220:in `call'
  railties (3.2.2) lib/rails/railtie/configurable.rb:30:in `send'
  railties (3.2.2) lib/rails/railtie/configurable.rb:30:in `method_missing'
  passenger (3.0.12) lib/phusion_passenger/rack/request_handler.rb:96:in `process_request'
  passenger (3.0.12) lib/phusion_passenger/abstract_request_handler.rb:513:in `accept_and_process_next_request'
  passenger (3.0.12) lib/phusion_passenger/abstract_request_handler.rb:274:in `main_loop'
  passenger (3.0.12) lib/phusion_passenger/rack/application_spawner.rb:206:in `start_request_handler'
  passenger (3.0.12) lib/phusion_passenger/rack/application_spawner.rb:171:in `send'
  passenger (3.0.12) lib/phusion_passenger/rack/application_spawner.rb:171:in `handle_spawn_application'
  passenger (3.0.12) lib/phusion_passenger/utils.rb:479:in `safe_fork'
  passenger (3.0.12) lib/phusion_passenger/rack/application_spawner.rb:166:in `handle_spawn_application'
  passenger (3.0.12) lib/phusion_passenger/abstract_server.rb:357:in `__send__'
  passenger (3.0.12) lib/phusion_passenger/abstract_server.rb:357:in `server_main_loop'
  passenger (3.0.12) lib/phusion_passenger/abstract_server.rb:206:in `start_synchronously'
  passenger (3.0.12) lib/phusion_passenger/abstract_server.rb:180:in `start'
  passenger (3.0.12) lib/phusion_passenger/rack/application_spawner.rb:129:in `start'
  passenger (3.0.12) lib/phusion_passenger/spawn_manager.rb:253:in `spawn_rack_application'
  passenger (3.0.12) lib/phusion_passenger/abstract_server_collection.rb:132:in `lookup_or_add'
  passenger (3.0.12) lib/phusion_passenger/spawn_manager.rb:246:in `spawn_rack_application'
  passenger (3.0.12) lib/phusion_passenger/abstract_server_collection.rb:82:in `synchronize'
  passenger (3.0.12) lib/phusion_passenger/abstract_server_collection.rb:79:in `synchronize'
  passenger (3.0.12) lib/phusion_passenger/spawn_manager.rb:244:in `spawn_rack_application'
  passenger (3.0.12) lib/phusion_passenger/spawn_manager.rb:137:in `spawn_application'
  passenger (3.0.12) lib/phusion_passenger/spawn_manager.rb:275:in `handle_spawn_application'
  passenger (3.0.12) lib/phusion_passenger/abstract_server.rb:357:in `__send__'
  passenger (3.0.12) lib/phusion_passenger/abstract_server.rb:357:in `server_main_loop'
  passenger (3.0.12) lib/phusion_passenger/abstract_server.rb:206:in `start_synchronously'
  passenger (3.0.12) helper-scripts/passenger-spawn-server:99




Started GET "/" for 127.0.0.1 at Tue Jul 03 11:37:50 -0700 2012

ActionController::RoutingError (No route matches [GET] "/"):
  actionpack (3.2.2) lib/action_dispatch/middleware/debug_exceptions.rb:21:in `call'
  actionpack (3.2.2) lib/action_dispatch/middleware/show_exceptions.rb:56:in `call'
  railties (3.2.2) lib/rails/rack/logger.rb:26:in `call_app'
  railties (3.2.2) lib/rails/rack/logger.rb:16:in `call'
  actionpack (3.2.2) lib/action_dispatch/middleware/request_id.rb:22:in `call'
  rack (1.4.1) lib/rack/methodoverride.rb:21:in `call'
  rack (1.4.1) lib/rack/runtime.rb:17:in `call'
  activesupport (3.2.2) lib/active_support/cache/strategy/local_cache.rb:72:in `call'
  rack (1.4.1) lib/rack/lock.rb:15:in `call'
  rack-cache (1.2) lib/rack/cache/context.rb:136:in `forward'
  rack-cache (1.2) lib/rack/cache/context.rb:245:in `fetch'
  rack-cache (1.2) lib/rack/cache/context.rb:185:in `lookup'
  rack-cache (1.2) lib/rack/cache/context.rb:66:in `call!'
  rack-cache (1.2) lib/rack/cache/context.rb:51:in `call'
  railties (3.2.2) lib/rails/engine.rb:479:in `call'
  railties (3.2.2) lib/rails/application.rb:220:in `call'
  railties (3.2.2) lib/rails/railtie/configurable.rb:30:in `send'
  railties (3.2.2) lib/rails/railtie/configurable.rb:30:in `method_missing'
  passenger (3.0.12) lib/phusion_passenger/rack/request_handler.rb:96:in `process_request'
  passenger (3.0.12) lib/phusion_passenger/abstract_request_handler.rb:513:in `accept_and_process_next_request'
  passenger (3.0.12) lib/phusion_passenger/abstract_request_handler.rb:274:in `main_loop'
  passenger (3.0.12) lib/phusion_passenger/rack/application_spawner.rb:206:in `start_request_handler'
  passenger (3.0.12) lib/phusion_passenger/rack/application_spawner.rb:171:in `send'
  passenger (3.0.12) lib/phusion_passenger/rack/application_spawner.rb:171:in `handle_spawn_application'
  passenger (3.0.12) lib/phusion_passenger/utils.rb:479:in `safe_fork'
  passenger (3.0.12) lib/phusion_passenger/rack/application_spawner.rb:166:in `handle_spawn_application'
  passenger (3.0.12) lib/phusion_passenger/abstract_server.rb:357:in `__send__'
  passenger (3.0.12) lib/phusion_passenger/abstract_server.rb:357:in `server_main_loop'
  passenger (3.0.12) lib/phusion_passenger/abstract_server.rb:206:in `start_synchronously'
  passenger (3.0.12) lib/phusion_passenger/abstract_server.rb:180:in `start'
  passenger (3.0.12) lib/phusion_passenger/rack/application_spawner.rb:129:in `start'
  passenger (3.0.12) lib/phusion_passenger/spawn_manager.rb:253:in `spawn_rack_application'
  passenger (3.0.12) lib/phusion_passenger/abstract_server_collection.rb:132:in `lookup_or_add'
  passenger (3.0.12) lib/phusion_passenger/spawn_manager.rb:246:in `spawn_rack_application'
  passenger (3.0.12) lib/phusion_passenger/abstract_server_collection.rb:82:in `synchronize'
  passenger (3.0.12) lib/phusion_passenger/abstract_server_collection.rb:79:in `synchronize'
  passenger (3.0.12) lib/phusion_passenger/spawn_manager.rb:244:in `spawn_rack_application'
  passenger (3.0.12) lib/phusion_passenger/spawn_manager.rb:137:in `spawn_application'
  passenger (3.0.12) lib/phusion_passenger/spawn_manager.rb:275:in `handle_spawn_application'
  passenger (3.0.12) lib/phusion_passenger/abstract_server.rb:357:in `__send__'
  passenger (3.0.12) lib/phusion_passenger/abstract_server.rb:357:in `server_main_loop'
  passenger (3.0.12) lib/phusion_passenger/abstract_server.rb:206:in `start_synchronously'
  passenger (3.0.12) helper-scripts/passenger-spawn-server:99




Started GET "/old_index.html" for 127.0.0.1 at Tue Jul 03 11:37:59 -0700 2012

ActionController::RoutingError (No route matches [GET] "/old_index.html"):
  actionpack (3.2.2) lib/action_dispatch/middleware/debug_exceptions.rb:21:in `call'
  actionpack (3.2.2) lib/action_dispatch/middleware/show_exceptions.rb:56:in `call'
  railties (3.2.2) lib/rails/rack/logger.rb:26:in `call_app'
  railties (3.2.2) lib/rails/rack/logger.rb:16:in `call'
  actionpack (3.2.2) lib/action_dispatch/middleware/request_id.rb:22:in `call'
  rack (1.4.1) lib/rack/methodoverride.rb:21:in `call'
  rack (1.4.1) lib/rack/runtime.rb:17:in `call'
  activesupport (3.2.2) lib/active_support/cache/strategy/local_cache.rb:72:in `call'
  rack (1.4.1) lib/rack/lock.rb:15:in `call'
  rack-cache (1.2) lib/rack/cache/context.rb:136:in `forward'
  rack-cache (1.2) lib/rack/cache/context.rb:245:in `fetch'
  rack-cache (1.2) lib/rack/cache/context.rb:185:in `lookup'
  rack-cache (1.2) lib/rack/cache/context.rb:66:in `call!'
  rack-cache (1.2) lib/rack/cache/context.rb:51:in `call'
  railties (3.2.2) lib/rails/engine.rb:479:in `call'
  railties (3.2.2) lib/rails/application.rb:220:in `call'
  railties (3.2.2) lib/rails/railtie/configurable.rb:30:in `send'
  railties (3.2.2) lib/rails/railtie/configurable.rb:30:in `method_missing'
  passenger (3.0.12) lib/phusion_passenger/rack/request_handler.rb:96:in `process_request'
  passenger (3.0.12) lib/phusion_passenger/abstract_request_handler.rb:513:in `accept_and_process_next_request'
  passenger (3.0.12) lib/phusion_passenger/abstract_request_handler.rb:274:in `main_loop'
  passenger (3.0.12) lib/phusion_passenger/rack/application_spawner.rb:206:in `start_request_handler'
  passenger (3.0.12) lib/phusion_passenger/rack/application_spawner.rb:171:in `send'
  passenger (3.0.12) lib/phusion_passenger/rack/application_spawner.rb:171:in `handle_spawn_application'
  passenger (3.0.12) lib/phusion_passenger/utils.rb:479:in `safe_fork'
  passenger (3.0.12) lib/phusion_passenger/rack/application_spawner.rb:166:in `handle_spawn_application'
  passenger (3.0.12) lib/phusion_passenger/abstract_server.rb:357:in `__send__'
  passenger (3.0.12) lib/phusion_passenger/abstract_server.rb:357:in `server_main_loop'
  passenger (3.0.12) lib/phusion_passenger/abstract_server.rb:206:in `start_synchronously'
  passenger (3.0.12) lib/phusion_passenger/abstract_server.rb:180:in `start'
  passenger (3.0.12) lib/phusion_passenger/rack/application_spawner.rb:129:in `start'
  passenger (3.0.12) lib/phusion_passenger/spawn_manager.rb:253:in `spawn_rack_application'
  passenger (3.0.12) lib/phusion_passenger/abstract_server_collection.rb:132:in `lookup_or_add'
  passenger (3.0.12) lib/phusion_passenger/spawn_manager.rb:246:in `spawn_rack_application'
  passenger (3.0.12) lib/phusion_passenger/abstract_server_collection.rb:82:in `synchronize'
  passenger (3.0.12) lib/phusion_passenger/abstract_server_collection.rb:79:in `synchronize'
  passenger (3.0.12) lib/phusion_passenger/spawn_manager.rb:244:in `spawn_rack_application'
  passenger (3.0.12) lib/phusion_passenger/spawn_manager.rb:137:in `spawn_application'
  passenger (3.0.12) lib/phusion_passenger/spawn_manager.rb:275:in `handle_spawn_application'
  passenger (3.0.12) lib/phusion_passenger/abstract_server.rb:357:in `__send__'
  passenger (3.0.12) lib/phusion_passenger/abstract_server.rb:357:in `server_main_loop'
  passenger (3.0.12) lib/phusion_passenger/abstract_server.rb:206:in `start_synchronously'
  passenger (3.0.12) helper-scripts/passenger-spawn-server:99




Started GET "/assets/rails.png" for 127.0.0.1 at Tue Jul 03 11:38:06 -0700 2012

ActionController::RoutingError (No route matches [GET] "/assets/rails.png"):
  actionpack (3.2.2) lib/action_dispatch/middleware/debug_exceptions.rb:21:in `call'
  actionpack (3.2.2) lib/action_dispatch/middleware/show_exceptions.rb:56:in `call'
  railties (3.2.2) lib/rails/rack/logger.rb:26:in `call_app'
  railties (3.2.2) lib/rails/rack/logger.rb:16:in `call'
  actionpack (3.2.2) lib/action_dispatch/middleware/request_id.rb:22:in `call'
  rack (1.4.1) lib/rack/methodoverride.rb:21:in `call'
  rack (1.4.1) lib/rack/runtime.rb:17:in `call'
  activesupport (3.2.2) lib/active_support/cache/strategy/local_cache.rb:72:in `call'
  rack (1.4.1) lib/rack/lock.rb:15:in `call'
  rack-cache (1.2) lib/rack/cache/context.rb:136:in `forward'
  rack-cache (1.2) lib/rack/cache/context.rb:245:in `fetch'
  rack-cache (1.2) lib/rack/cache/context.rb:185:in `lookup'
  rack-cache (1.2) lib/rack/cache/context.rb:66:in `call!'
  rack-cache (1.2) lib/rack/cache/context.rb:51:in `call'
  railties (3.2.2) lib/rails/engine.rb:479:in `call'
  railties (3.2.2) lib/rails/application.rb:220:in `call'
  railties (3.2.2) lib/rails/railtie/configurable.rb:30:in `send'
  railties (3.2.2) lib/rails/railtie/configurable.rb:30:in `method_missing'
  passenger (3.0.12) lib/phusion_passenger/rack/request_handler.rb:96:in `process_request'
  passenger (3.0.12) lib/phusion_passenger/abstract_request_handler.rb:513:in `accept_and_process_next_request'
  passenger (3.0.12) lib/phusion_passenger/abstract_request_handler.rb:274:in `main_loop'
  passenger (3.0.12) lib/phusion_passenger/rack/application_spawner.rb:206:in `start_request_handler'
  passenger (3.0.12) lib/phusion_passenger/rack/application_spawner.rb:171:in `send'
  passenger (3.0.12) lib/phusion_passenger/rack/application_spawner.rb:171:in `handle_spawn_application'
  passenger (3.0.12) lib/phusion_passenger/utils.rb:479:in `safe_fork'
  passenger (3.0.12) lib/phusion_passenger/rack/application_spawner.rb:166:in `handle_spawn_application'
  passenger (3.0.12) lib/phusion_passenger/abstract_server.rb:357:in `__send__'
  passenger (3.0.12) lib/phusion_passenger/abstract_server.rb:357:in `server_main_loop'
  passenger (3.0.12) lib/phusion_passenger/abstract_server.rb:206:in `start_synchronously'
  passenger (3.0.12) lib/phusion_passenger/abstract_server.rb:180:in `start'
  passenger (3.0.12) lib/phusion_passenger/rack/application_spawner.rb:129:in `start'
  passenger (3.0.12) lib/phusion_passenger/spawn_manager.rb:253:in `spawn_rack_application'
  passenger (3.0.12) lib/phusion_passenger/abstract_server_collection.rb:132:in `lookup_or_add'
  passenger (3.0.12) lib/phusion_passenger/spawn_manager.rb:246:in `spawn_rack_application'
  passenger (3.0.12) lib/phusion_passenger/abstract_server_collection.rb:82:in `synchronize'
  passenger (3.0.12) lib/phusion_passenger/abstract_server_collection.rb:79:in `synchronize'
  passenger (3.0.12) lib/phusion_passenger/spawn_manager.rb:244:in `spawn_rack_application'
  passenger (3.0.12) lib/phusion_passenger/spawn_manager.rb:137:in `spawn_application'
  passenger (3.0.12) lib/phusion_passenger/spawn_manager.rb:275:in `handle_spawn_application'
  passenger (3.0.12) lib/phusion_passenger/abstract_server.rb:357:in `__send__'
  passenger (3.0.12) lib/phusion_passenger/abstract_server.rb:357:in `server_main_loop'
  passenger (3.0.12) lib/phusion_passenger/abstract_server.rb:206:in `start_synchronously'
  passenger (3.0.12) helper-scripts/passenger-spawn-server:99




Started GET "/stock" for 127.0.0.1 at Tue Jul 03 11:48:05 -0700 2012

ActionController::RoutingError (No route matches [GET] "/stock"):
  actionpack (3.2.2) lib/action_dispatch/middleware/debug_exceptions.rb:21:in `call'
  actionpack (3.2.2) lib/action_dispatch/middleware/show_exceptions.rb:56:in `call'
  railties (3.2.2) lib/rails/rack/logger.rb:26:in `call_app'
  railties (3.2.2) lib/rails/rack/logger.rb:16:in `call'
  actionpack (3.2.2) lib/action_dispatch/middleware/request_id.rb:22:in `call'
  rack (1.4.1) lib/rack/methodoverride.rb:21:in `call'
  rack (1.4.1) lib/rack/runtime.rb:17:in `call'
  activesupport (3.2.2) lib/active_support/cache/strategy/local_cache.rb:72:in `call'
  rack (1.4.1) lib/rack/lock.rb:15:in `call'
  rack-cache (1.2) lib/rack/cache/context.rb:136:in `forward'
  rack-cache (1.2) lib/rack/cache/context.rb:245:in `fetch'
  rack-cache (1.2) lib/rack/cache/context.rb:185:in `lookup'
  rack-cache (1.2) lib/rack/cache/context.rb:66:in `call!'
  rack-cache (1.2) lib/rack/cache/context.rb:51:in `call'
  railties (3.2.2) lib/rails/engine.rb:479:in `call'
  railties (3.2.2) lib/rails/application.rb:220:in `call'
  railties (3.2.2) lib/rails/railtie/configurable.rb:30:in `send'
  railties (3.2.2) lib/rails/railtie/configurable.rb:30:in `method_missing'
  passenger (3.0.12) lib/phusion_passenger/rack/request_handler.rb:96:in `process_request'
  passenger (3.0.12) lib/phusion_passenger/abstract_request_handler.rb:513:in `accept_and_process_next_request'
  passenger (3.0.12) lib/phusion_passenger/abstract_request_handler.rb:274:in `main_loop'
  passenger (3.0.12) lib/phusion_passenger/rack/application_spawner.rb:206:in `start_request_handler'
  passenger (3.0.12) lib/phusion_passenger/rack/application_spawner.rb:171:in `send'
  passenger (3.0.12) lib/phusion_passenger/rack/application_spawner.rb:171:in `handle_spawn_application'
  passenger (3.0.12) lib/phusion_passenger/utils.rb:479:in `safe_fork'
  passenger (3.0.12) lib/phusion_passenger/rack/application_spawner.rb:166:in `handle_spawn_application'
  passenger (3.0.12) lib/phusion_passenger/abstract_server.rb:357:in `__send__'
  passenger (3.0.12) lib/phusion_passenger/abstract_server.rb:357:in `server_main_loop'
  passenger (3.0.12) lib/phusion_passenger/abstract_server.rb:206:in `start_synchronously'
  passenger (3.0.12) lib/phusion_passenger/abstract_server.rb:180:in `start'
  passenger (3.0.12) lib/phusion_passenger/rack/application_spawner.rb:129:in `start'
  passenger (3.0.12) lib/phusion_passenger/spawn_manager.rb:253:in `spawn_rack_application'
  passenger (3.0.12) lib/phusion_passenger/abstract_server_collection.rb:132:in `lookup_or_add'
  passenger (3.0.12) lib/phusion_passenger/spawn_manager.rb:246:in `spawn_rack_application'
  passenger (3.0.12) lib/phusion_passenger/abstract_server_collection.rb:82:in `synchronize'
  passenger (3.0.12) lib/phusion_passenger/abstract_server_collection.rb:79:in `synchronize'
  passenger (3.0.12) lib/phusion_passenger/spawn_manager.rb:244:in `spawn_rack_application'
  passenger (3.0.12) lib/phusion_passenger/spawn_manager.rb:137:in `spawn_application'
  passenger (3.0.12) lib/phusion_passenger/spawn_manager.rb:275:in `handle_spawn_application'
  passenger (3.0.12) lib/phusion_passenger/abstract_server.rb:357:in `__send__'
  passenger (3.0.12) lib/phusion_passenger/abstract_server.rb:357:in `server_main_loop'
  passenger (3.0.12) lib/phusion_passenger/abstract_server.rb:206:in `start_synchronously'
  passenger (3.0.12) helper-scripts/passenger-spawn-server:99




Started GET "/stock/add.html" for 127.0.0.1 at Tue Jul 03 11:48:16 -0700 2012

ActionController::RoutingError (No route matches [GET] "/stock/add.html"):
  actionpack (3.2.2) lib/action_dispatch/middleware/debug_exceptions.rb:21:in `call'
  actionpack (3.2.2) lib/action_dispatch/middleware/show_exceptions.rb:56:in `call'
  railties (3.2.2) lib/rails/rack/logger.rb:26:in `call_app'
  railties (3.2.2) lib/rails/rack/logger.rb:16:in `call'
  actionpack (3.2.2) lib/action_dispatch/middleware/request_id.rb:22:in `call'
  rack (1.4.1) lib/rack/methodoverride.rb:21:in `call'
  rack (1.4.1) lib/rack/runtime.rb:17:in `call'
  activesupport (3.2.2) lib/active_support/cache/strategy/local_cache.rb:72:in `call'
  rack (1.4.1) lib/rack/lock.rb:15:in `call'
  rack-cache (1.2) lib/rack/cache/context.rb:136:in `forward'
  rack-cache (1.2) lib/rack/cache/context.rb:245:in `fetch'
  rack-cache (1.2) lib/rack/cache/context.rb:185:in `lookup'
  rack-cache (1.2) lib/rack/cache/context.rb:66:in `call!'
  rack-cache (1.2) lib/rack/cache/context.rb:51:in `call'
  railties (3.2.2) lib/rails/engine.rb:479:in `call'
  railties (3.2.2) lib/rails/application.rb:220:in `call'
  railties (3.2.2) lib/rails/railtie/configurable.rb:30:in `send'
  railties (3.2.2) lib/rails/railtie/configurable.rb:30:in `method_missing'
  passenger (3.0.12) lib/phusion_passenger/rack/request_handler.rb:96:in `process_request'
  passenger (3.0.12) lib/phusion_passenger/abstract_request_handler.rb:513:in `accept_and_process_next_request'
  passenger (3.0.12) lib/phusion_passenger/abstract_request_handler.rb:274:in `main_loop'
  passenger (3.0.12) lib/phusion_passenger/rack/application_spawner.rb:206:in `start_request_handler'
  passenger (3.0.12) lib/phusion_passenger/rack/application_spawner.rb:171:in `send'
  passenger (3.0.12) lib/phusion_passenger/rack/application_spawner.rb:171:in `handle_spawn_application'
  passenger (3.0.12) lib/phusion_passenger/utils.rb:479:in `safe_fork'
  passenger (3.0.12) lib/phusion_passenger/rack/application_spawner.rb:166:in `handle_spawn_application'
  passenger (3.0.12) lib/phusion_passenger/abstract_server.rb:357:in `__send__'
  passenger (3.0.12) lib/phusion_passenger/abstract_server.rb:357:in `server_main_loop'
  passenger (3.0.12) lib/phusion_passenger/abstract_server.rb:206:in `start_synchronously'
  passenger (3.0.12) lib/phusion_passenger/abstract_server.rb:180:in `start'
  passenger (3.0.12) lib/phusion_passenger/rack/application_spawner.rb:129:in `start'
  passenger (3.0.12) lib/phusion_passenger/spawn_manager.rb:253:in `spawn_rack_application'
  passenger (3.0.12) lib/phusion_passenger/abstract_server_collection.rb:132:in `lookup_or_add'
  passenger (3.0.12) lib/phusion_passenger/spawn_manager.rb:246:in `spawn_rack_application'
  passenger (3.0.12) lib/phusion_passenger/abstract_server_collection.rb:82:in `synchronize'
  passenger (3.0.12) lib/phusion_passenger/abstract_server_collection.rb:79:in `synchronize'
  passenger (3.0.12) lib/phusion_passenger/spawn_manager.rb:244:in `spawn_rack_application'
  passenger (3.0.12) lib/phusion_passenger/spawn_manager.rb:137:in `spawn_application'
  passenger (3.0.12) lib/phusion_passenger/spawn_manager.rb:275:in `handle_spawn_application'
  passenger (3.0.12) lib/phusion_passenger/abstract_server.rb:357:in `__send__'
  passenger (3.0.12) lib/phusion_passenger/abstract_server.rb:357:in `server_main_loop'
  passenger (3.0.12) lib/phusion_passenger/abstract_server.rb:206:in `start_synchronously'
  passenger (3.0.12) helper-scripts/passenger-spawn-server:99




Started GET "/stock/add.html" for 127.0.0.1 at Tue Jul 03 11:48:29 -0700 2012

ActionController::RoutingError (No route matches [GET] "/stock/add.html"):
  actionpack (3.2.2) lib/action_dispatch/middleware/debug_exceptions.rb:21:in `call'
  actionpack (3.2.2) lib/action_dispatch/middleware/show_exceptions.rb:56:in `call'
  railties (3.2.2) lib/rails/rack/logger.rb:26:in `call_app'
  railties (3.2.2) lib/rails/rack/logger.rb:16:in `call'
  actionpack (3.2.2) lib/action_dispatch/middleware/request_id.rb:22:in `call'
  rack (1.4.1) lib/rack/methodoverride.rb:21:in `call'
  rack (1.4.1) lib/rack/runtime.rb:17:in `call'
  activesupport (3.2.2) lib/active_support/cache/strategy/local_cache.rb:72:in `call'
  rack (1.4.1) lib/rack/lock.rb:15:in `call'
  rack-cache (1.2) lib/rack/cache/context.rb:136:in `forward'
  rack-cache (1.2) lib/rack/cache/context.rb:245:in `fetch'
  rack-cache (1.2) lib/rack/cache/context.rb:185:in `lookup'
  rack-cache (1.2) lib/rack/cache/context.rb:66:in `call!'
  rack-cache (1.2) lib/rack/cache/context.rb:51:in `call'
  railties (3.2.2) lib/rails/engine.rb:479:in `call'
  railties (3.2.2) lib/rails/application.rb:220:in `call'
  railties (3.2.2) lib/rails/railtie/configurable.rb:30:in `send'
  railties (3.2.2) lib/rails/railtie/configurable.rb:30:in `method_missing'
  passenger (3.0.12) lib/phusion_passenger/rack/request_handler.rb:96:in `process_request'
  passenger (3.0.12) lib/phusion_passenger/abstract_request_handler.rb:513:in `accept_and_process_next_request'
  passenger (3.0.12) lib/phusion_passenger/abstract_request_handler.rb:274:in `main_loop'
  passenger (3.0.12) lib/phusion_passenger/rack/application_spawner.rb:206:in `start_request_handler'
  passenger (3.0.12) lib/phusion_passenger/rack/application_spawner.rb:171:in `send'
  passenger (3.0.12) lib/phusion_passenger/rack/application_spawner.rb:171:in `handle_spawn_application'
  passenger (3.0.12) lib/phusion_passenger/utils.rb:479:in `safe_fork'
  passenger (3.0.12) lib/phusion_passenger/rack/application_spawner.rb:166:in `handle_spawn_application'
  passenger (3.0.12) lib/phusion_passenger/abstract_server.rb:357:in `__send__'
  passenger (3.0.12) lib/phusion_passenger/abstract_server.rb:357:in `server_main_loop'
  passenger (3.0.12) lib/phusion_passenger/abstract_server.rb:206:in `start_synchronously'
  passenger (3.0.12) lib/phusion_passenger/abstract_server.rb:180:in `start'
  passenger (3.0.12) lib/phusion_passenger/rack/application_spawner.rb:129:in `start'
  passenger (3.0.12) lib/phusion_passenger/spawn_manager.rb:253:in `spawn_rack_application'
  passenger (3.0.12) lib/phusion_passenger/abstract_server_collection.rb:132:in `lookup_or_add'
  passenger (3.0.12) lib/phusion_passenger/spawn_manager.rb:246:in `spawn_rack_application'
  passenger (3.0.12) lib/phusion_passenger/abstract_server_collection.rb:82:in `synchronize'
  passenger (3.0.12) lib/phusion_passenger/abstract_server_collection.rb:79:in `synchronize'
  passenger (3.0.12) lib/phusion_passenger/spawn_manager.rb:244:in `spawn_rack_application'
  passenger (3.0.12) lib/phusion_passenger/spawn_manager.rb:137:in `spawn_application'
  passenger (3.0.12) lib/phusion_passenger/spawn_manager.rb:275:in `handle_spawn_application'
  passenger (3.0.12) lib/phusion_passenger/abstract_server.rb:357:in `__send__'
  passenger (3.0.12) lib/phusion_passenger/abstract_server.rb:357:in `server_main_loop'
  passenger (3.0.12) lib/phusion_passenger/abstract_server.rb:206:in `start_synchronously'
  passenger (3.0.12) helper-scripts/passenger-spawn-server:99




Started GET "/stock/add.html" for 127.0.0.1 at Tue Jul 03 11:48:30 -0700 2012

ActionController::RoutingError (No route matches [GET] "/stock/add.html"):
  actionpack (3.2.2) lib/action_dispatch/middleware/debug_exceptions.rb:21:in `call'
  actionpack (3.2.2) lib/action_dispatch/middleware/show_exceptions.rb:56:in `call'
  railties (3.2.2) lib/rails/rack/logger.rb:26:in `call_app'
  railties (3.2.2) lib/rails/rack/logger.rb:16:in `call'
  actionpack (3.2.2) lib/action_dispatch/middleware/request_id.rb:22:in `call'
  rack (1.4.1) lib/rack/methodoverride.rb:21:in `call'
  rack (1.4.1) lib/rack/runtime.rb:17:in `call'
  activesupport (3.2.2) lib/active_support/cache/strategy/local_cache.rb:72:in `call'
  rack (1.4.1) lib/rack/lock.rb:15:in `call'
  rack-cache (1.2) lib/rack/cache/context.rb:136:in `forward'
  rack-cache (1.2) lib/rack/cache/context.rb:245:in `fetch'
  rack-cache (1.2) lib/rack/cache/context.rb:185:in `lookup'
  rack-cache (1.2) lib/rack/cache/context.rb:66:in `call!'
  rack-cache (1.2) lib/rack/cache/context.rb:51:in `call'
  railties (3.2.2) lib/rails/engine.rb:479:in `call'
  railties (3.2.2) lib/rails/application.rb:220:in `call'
  railties (3.2.2) lib/rails/railtie/configurable.rb:30:in `send'
  railties (3.2.2) lib/rails/railtie/configurable.rb:30:in `method_missing'
  passenger (3.0.12) lib/phusion_passenger/rack/request_handler.rb:96:in `process_request'
  passenger (3.0.12) lib/phusion_passenger/abstract_request_handler.rb:513:in `accept_and_process_next_request'
  passenger (3.0.12) lib/phusion_passenger/abstract_request_handler.rb:274:in `main_loop'
  passenger (3.0.12) lib/phusion_passenger/rack/application_spawner.rb:206:in `start_request_handler'
  passenger (3.0.12) lib/phusion_passenger/rack/application_spawner.rb:171:in `send'
  passenger (3.0.12) lib/phusion_passenger/rack/application_spawner.rb:171:in `handle_spawn_application'
  passenger (3.0.12) lib/phusion_passenger/utils.rb:479:in `safe_fork'
  passenger (3.0.12) lib/phusion_passenger/rack/application_spawner.rb:166:in `handle_spawn_application'
  passenger (3.0.12) lib/phusion_passenger/abstract_server.rb:357:in `__send__'
  passenger (3.0.12) lib/phusion_passenger/abstract_server.rb:357:in `server_main_loop'
  passenger (3.0.12) lib/phusion_passenger/abstract_server.rb:206:in `start_synchronously'
  passenger (3.0.12) lib/phusion_passenger/abstract_server.rb:180:in `start'
  passenger (3.0.12) lib/phusion_passenger/rack/application_spawner.rb:129:in `start'
  passenger (3.0.12) lib/phusion_passenger/spawn_manager.rb:253:in `spawn_rack_application'
  passenger (3.0.12) lib/phusion_passenger/abstract_server_collection.rb:132:in `lookup_or_add'
  passenger (3.0.12) lib/phusion_passenger/spawn_manager.rb:246:in `spawn_rack_application'
  passenger (3.0.12) lib/phusion_passenger/abstract_server_collection.rb:82:in `synchronize'
  passenger (3.0.12) lib/phusion_passenger/abstract_server_collection.rb:79:in `synchronize'
  passenger (3.0.12) lib/phusion_passenger/spawn_manager.rb:244:in `spawn_rack_application'
  passenger (3.0.12) lib/phusion_passenger/spawn_manager.rb:137:in `spawn_application'
  passenger (3.0.12) lib/phusion_passenger/spawn_manager.rb:275:in `handle_spawn_application'
  passenger (3.0.12) lib/phusion_passenger/abstract_server.rb:357:in `__send__'
  passenger (3.0.12) lib/phusion_passenger/abstract_server.rb:357:in `server_main_loop'
  passenger (3.0.12) lib/phusion_passenger/abstract_server.rb:206:in `start_synchronously'
  passenger (3.0.12) helper-scripts/passenger-spawn-server:99


